<?xml version="1.0" encoding="UTF-8"?>
<!-- Generated by org.testng.reporters.JUnitReportReporter -->
<testsuite hostname="DESKTOP-4MVTQE3" failures="0" tests="3" name="test.Main" time="25.747" errors="0" timestamp="2024-04-10T15:01:00 IST" skipped="0">
  <testcase classname="test.Main" name="linkCheck" time="6.257"/>
  <testcase classname="test.Main" name="signIn" time="5.642"/>
  <testcase classname="test.Main" name="ms_signin" time="13.848"/>
</testsuite> <!-- test.Main -->
